<?xml version="1.0" encoding="UTF-8"?>
<testsuite xmlns:xsi="http://www.w3.org/2001/XMLSchema-instance" xsi:noNamespaceSchemaLocation="https://maven.apache.org/surefire/maven-surefire-plugin/xsd/surefire-test-report-3.0.xsd" version="3.0" name="com.example.MemFsTest" time="0.039" tests="19" errors="0" skipped="0" failures="0">
  <properties>
[...]
</properties>
  <testcase name="testRedundantSlashes" classname="com.example.MemFsTest" time="0.017"/>
  <testcase name="testInfoOnFile" classname="com.example.MemFsTest" time="0.0"/>
  <testcase name="testLsAlphabeticalOrder" classname="com.example.MemFsTest" time="0.0"/>
  <testcase name="testZeroSizeFile" classname="com.example.MemFsTest" time="0.0"/>
  <testcase name="testNestedDirectoryInfo" classname="com.example.MemFsTest" time="0.001"/>
  <testcase name="testCompleteExample" classname="com.example.MemFsTest" time="0.001"/>
  <testcase name="testMkdirParentNotExist" classname="com.example.MemFsTest" time="0.0"/>
  <testcase name="testTouchOverwrite" classname="com.example.MemFsTest" time="0.0"/>
  <testcase name="testRootInfo" classname="com.example.MemFsTest" time="0.0"/>
  <testcase name="testCannotCreateRoot" classname="com.example.MemFsTest" time="0.001"/>
  <testcase name="testLsEmptyDirectory" classname="com.example.MemFsTest" time="0.001"/>
  <testcase name="testTouchParentNotExist" classname="com.example.MemFsTest" time="0.0"/>
  <testcase name="testMixedFilesAndDirectories" classname="com.example.MemFsTest" time="0.001"/>
  <testcase name="testLsOnFile" classname="com.example.MemFsTest" time="0.001"/>
  <testcase name="testBasicMkdirAndLs" classname="com.example.MemFsTest" time="0.0"/>
  <testcase name="testLargeFile" classname="com.example.MemFsTest" time="0.0"/>
  <testcase name="testInfoOnDirectory" classname="com.example.MemFsTest" time="0.001"/>
  <testcase name="testMkdirDuplicateName" classname="com.example.MemFsTest" time="0.0"/>
  <testcase name="testComplexStructure" classname="com.example.MemFsTest" time="0.0"/>
</testsuite>